{"code":"28P01","file":"auth.c","length":104,"level":"error","line":"324","message":"Erreur lors de la création de la base de données : password authentication failed for user \"postgres\"","name":"error","routine":"auth_failed","severity":"FATAL","stack":"error: password authentication failed for user \"postgres\"\n    at Parser.parseErrorMessage (D:\\Projet Reko\\Back_office_evenement_reko\\server\\node_modules\\pg-protocol\\dist\\parser.js:283:98)\n    at Parser.handlePacket (D:\\Projet Reko\\Back_office_evenement_reko\\server\\node_modules\\pg-protocol\\dist\\parser.js:122:29)\n    at Parser.parse (D:\\Projet Reko\\Back_office_evenement_reko\\server\\node_modules\\pg-protocol\\dist\\parser.js:35:38)\n    at Socket.<anonymous> (D:\\Projet Reko\\Back_office_evenement_reko\\server\\node_modules\\pg-protocol\\dist\\index.js:11:42)\n    at Socket.emit (node:events:507:28)\n    at addChunk (node:internal/streams/readable:559:12)\n    at readableAddChunkPushByteMode (node:internal/streams/readable:510:3)\n    at Readable.push (node:internal/streams/readable:390:5)\n    at TCP.onStreamRead (node:internal/stream_base_commons:189:23)","timestamp":"2025-03-14T06:43:25.494Z"}
{"code":"28P01","file":"auth.c","length":104,"level":"error","line":"324","message":"Erreur lors de la création de la base de données : password authentication failed for user \"postgres\"","name":"error","routine":"auth_failed","severity":"FATAL","stack":"error: password authentication failed for user \"postgres\"\n    at Parser.parseErrorMessage (D:\\Projet Reko\\Back_office_evenement_reko\\server\\node_modules\\pg-protocol\\dist\\parser.js:283:98)\n    at Parser.handlePacket (D:\\Projet Reko\\Back_office_evenement_reko\\server\\node_modules\\pg-protocol\\dist\\parser.js:122:29)\n    at Parser.parse (D:\\Projet Reko\\Back_office_evenement_reko\\server\\node_modules\\pg-protocol\\dist\\parser.js:35:38)\n    at Socket.<anonymous> (D:\\Projet Reko\\Back_office_evenement_reko\\server\\node_modules\\pg-protocol\\dist\\index.js:11:42)\n    at Socket.emit (node:events:507:28)\n    at addChunk (node:internal/streams/readable:559:12)\n    at readableAddChunkPushByteMode (node:internal/streams/readable:510:3)\n    at Readable.push (node:internal/streams/readable:390:5)\n    at TCP.onStreamRead (node:internal/stream_base_commons:189:23)","timestamp":"2025-03-14T06:48:12.023Z"}
{"code":"28P01","file":"auth.c","length":104,"level":"error","line":"324","message":"Erreur lors de la création de la base de données : password authentication failed for user \"postgres\"","name":"error","routine":"auth_failed","severity":"FATAL","stack":"error: password authentication failed for user \"postgres\"\n    at Parser.parseErrorMessage (D:\\Projet Reko\\Back_office_evenement_reko\\server\\node_modules\\pg-protocol\\dist\\parser.js:283:98)\n    at Parser.handlePacket (D:\\Projet Reko\\Back_office_evenement_reko\\server\\node_modules\\pg-protocol\\dist\\parser.js:122:29)\n    at Parser.parse (D:\\Projet Reko\\Back_office_evenement_reko\\server\\node_modules\\pg-protocol\\dist\\parser.js:35:38)\n    at Socket.<anonymous> (D:\\Projet Reko\\Back_office_evenement_reko\\server\\node_modules\\pg-protocol\\dist\\index.js:11:42)\n    at Socket.emit (node:events:507:28)\n    at addChunk (node:internal/streams/readable:559:12)\n    at readableAddChunkPushByteMode (node:internal/streams/readable:510:3)\n    at Readable.push (node:internal/streams/readable:390:5)\n    at TCP.onStreamRead (node:internal/stream_base_commons:189:23)","timestamp":"2025-03-14T06:48:54.222Z"}
{"code":"28P01","file":"auth.c","length":104,"level":"error","line":"324","message":"Erreur lors de la création de la base de données : password authentication failed for user \"postgres\"","name":"error","routine":"auth_failed","severity":"FATAL","stack":"error: password authentication failed for user \"postgres\"\n    at Parser.parseErrorMessage (D:\\Projet Reko\\Back_office_evenement_reko\\server\\node_modules\\pg-protocol\\dist\\parser.js:283:98)\n    at Parser.handlePacket (D:\\Projet Reko\\Back_office_evenement_reko\\server\\node_modules\\pg-protocol\\dist\\parser.js:122:29)\n    at Parser.parse (D:\\Projet Reko\\Back_office_evenement_reko\\server\\node_modules\\pg-protocol\\dist\\parser.js:35:38)\n    at Socket.<anonymous> (D:\\Projet Reko\\Back_office_evenement_reko\\server\\node_modules\\pg-protocol\\dist\\index.js:11:42)\n    at Socket.emit (node:events:507:28)\n    at addChunk (node:internal/streams/readable:559:12)\n    at readableAddChunkPushByteMode (node:internal/streams/readable:510:3)\n    at Readable.push (node:internal/streams/readable:390:5)\n    at TCP.onStreamRead (node:internal/stream_base_commons:189:23)","timestamp":"2025-03-14T07:13:15.872Z"}
{"level":"info","message":"Base de données \"rekoevents\" existe déjà.","timestamp":"2025-03-14T07:13:37.805Z"}
{"level":"info","message":"Connexion à la base de données établie avec succès.","timestamp":"2025-03-14T07:13:38.167Z"}
{"level":"info","message":{"event":"migrating","name":"20250225190255-create-event.cjs"},"timestamp":"2025-03-14T07:13:38.347Z"}
{"level":"info","message":"Base de données \"rekoevents\" existe déjà.","timestamp":"2025-03-14T07:18:31.940Z"}
{"level":"info","message":"Connexion à la base de données établie avec succès.","timestamp":"2025-03-14T07:18:32.274Z"}
{"level":"info","message":{"event":"migrating","name":"20250225190255-create-event.cjs"},"timestamp":"2025-03-14T07:18:32.327Z"}
{"level":"info","message":"Base de données \"rekoevents\" existe déjà.","timestamp":"2025-03-14T07:18:51.105Z"}
{"level":"info","message":"Connexion à la base de données établie avec succès.","timestamp":"2025-03-14T07:18:51.412Z"}
{"level":"info","message":{"event":"migrating","name":"20250225190255-create-event.cjs"},"timestamp":"2025-03-14T07:18:51.496Z"}
{"level":"info","message":"Base de données \"rekoevents\" existe déjà.","timestamp":"2025-03-14T07:19:10.748Z"}
{"level":"info","message":"Connexion à la base de données établie avec succès.","timestamp":"2025-03-14T07:19:10.966Z"}
{"level":"info","message":{"event":"migrating","name":"20250225190255-create-event.cjs"},"timestamp":"2025-03-14T07:19:11.028Z"}
{"level":"info","message":"Base de données \"rekoevents\" existe déjà.","timestamp":"2025-03-14T07:19:19.722Z"}
{"level":"info","message":"Connexion à la base de données établie avec succès.","timestamp":"2025-03-14T07:19:19.920Z"}
{"level":"info","message":{"event":"migrating","name":"20250225190255-create-event.cjs"},"timestamp":"2025-03-14T07:19:19.984Z"}
{"level":"info","message":"Base de données \"rekoevents\" existe déjà.","timestamp":"2025-03-14T07:20:03.101Z"}
{"level":"info","message":"Connexion à la base de données établie avec succès.","timestamp":"2025-03-14T07:20:03.298Z"}
{"level":"info","message":{"event":"migrating","name":"20250225190255-create-event.cjs"},"timestamp":"2025-03-14T07:20:03.344Z"}
{"level":"info","message":"Base de données \"rekoevents\" existe déjà.","timestamp":"2025-03-14T07:21:03.894Z"}
{"level":"info","message":"Connexion à la base de données établie avec succès.","timestamp":"2025-03-14T07:21:04.108Z"}
{"level":"info","message":{"event":"migrating","name":"20250225190255-create-event.cjs"},"timestamp":"2025-03-14T07:21:04.160Z"}
{"level":"info","message":"Base de données \"rekoevents\" existe déjà.","timestamp":"2025-03-14T07:21:14.393Z"}
{"level":"info","message":"Connexion à la base de données établie avec succès.","timestamp":"2025-03-14T07:21:14.708Z"}
{"level":"info","message":{"event":"migrating","name":"20250225190255-create-event.cjs"},"timestamp":"2025-03-14T07:21:14.765Z"}
{"level":"info","message":"Base de données \"rekoevents\" existe déjà.","timestamp":"2025-03-14T07:21:27.399Z"}
{"level":"info","message":"Connexion à la base de données établie avec succès.","timestamp":"2025-03-14T07:21:27.722Z"}
{"level":"info","message":{"event":"migrating","name":"20250225190255-create-event.cjs"},"timestamp":"2025-03-14T07:21:27.773Z"}
{"level":"info","message":"Base de données \"rekoevents\" existe déjà.","timestamp":"2025-03-14T07:21:39.578Z"}
{"level":"info","message":"Connexion à la base de données établie avec succès.","timestamp":"2025-03-14T07:21:39.826Z"}
{"level":"info","message":{"event":"migrating","name":"20250225190255-create-event.cjs"},"timestamp":"2025-03-14T07:21:39.892Z"}
{"level":"info","message":"Base de données \"rekoevents\" existe déjà.","timestamp":"2025-03-14T07:21:48.335Z"}
{"level":"info","message":"Connexion à la base de données établie avec succès.","timestamp":"2025-03-14T07:21:48.739Z"}
{"level":"info","message":{"event":"migrating","name":"20250225190255-create-event.cjs"},"timestamp":"2025-03-14T07:21:48.790Z"}
{"level":"info","message":"Base de données \"rekoevents\" existe déjà.","timestamp":"2025-03-14T07:23:01.591Z"}
{"level":"info","message":"Connexion à la base de données établie avec succès.","timestamp":"2025-03-14T07:23:01.779Z"}
{"level":"info","message":{"event":"migrating","name":"20250225190255-create-event.cjs"},"timestamp":"2025-03-14T07:23:01.830Z"}
{"level":"info","message":"Base de données \"rekoevents\" existe déjà.","timestamp":"2025-03-14T07:25:25.297Z"}
{"level":"info","message":"Connexion à la base de données établie avec succès.","timestamp":"2025-03-14T07:25:25.556Z"}
{"level":"info","message":{"event":"migrating","name":"20250225190255-create-event.cjs"},"timestamp":"2025-03-14T07:25:25.627Z"}
{"level":"info","message":"Base de données \"rekoevents\" existe déjà.","timestamp":"2025-03-14T07:25:52.379Z"}
{"level":"info","message":"Connexion à la base de données établie avec succès.","timestamp":"2025-03-14T07:25:52.607Z"}
{"level":"info","message":{"event":"migrating","name":"20250225190255-create-event.cjs"},"timestamp":"2025-03-14T07:25:52.653Z"}
{"level":"info","message":"Base de données \"rekoevents\" existe déjà.","timestamp":"2025-03-14T07:26:14.747Z"}
{"level":"info","message":"Connexion à la base de données établie avec succès.","timestamp":"2025-03-14T07:26:14.933Z"}
{"level":"info","message":{"event":"migrating","name":"20250225190255-create-event.cjs"},"timestamp":"2025-03-14T07:26:14.989Z"}
{"level":"info","message":"Base de données \"rekoevents\" existe déjà.","timestamp":"2025-03-14T07:27:30.745Z"}
{"level":"info","message":"Connexion à la base de données établie avec succès.","timestamp":"2025-03-14T07:27:30.969Z"}
{"level":"info","message":{"event":"migrating","name":"20250225190255-create-event.cjs"},"timestamp":"2025-03-14T07:27:31.032Z"}
{"level":"info","message":"Base de données \"rekoevents\" existe déjà.","timestamp":"2025-03-14T07:29:28.416Z"}
{"level":"info","message":"Connexion à la base de données établie avec succès.","timestamp":"2025-03-14T07:29:28.628Z"}
{"level":"info","message":{"event":"migrating","name":"20250225190255-create-event.cjs"},"timestamp":"2025-03-14T07:29:28.681Z"}
{"level":"info","message":"Base de données \"rekoevents\" existe déjà.","timestamp":"2025-03-14T07:30:43.526Z"}
{"level":"info","message":"Connexion à la base de données établie avec succès.","timestamp":"2025-03-14T07:30:43.712Z"}
{"level":"info","message":{"event":"migrating","name":"20250225190255-create-event.cjs"},"timestamp":"2025-03-14T07:30:43.770Z"}
{"level":"info","message":"Base de données \"rekoevents\" existe déjà.","timestamp":"2025-03-14T07:31:11.278Z"}
{"level":"info","message":"Connexion à la base de données établie avec succès.","timestamp":"2025-03-14T07:31:11.465Z"}
{"level":"info","message":{"event":"migrating","name":"20250225190255-create-event.cjs"},"timestamp":"2025-03-14T07:31:11.515Z"}
{"level":"info","message":"Base de données \"rekoevents\" existe déjà.","timestamp":"2025-03-14T07:33:52.708Z"}
{"level":"info","message":"Connexion à la base de données établie avec succès.","timestamp":"2025-03-14T07:33:52.919Z"}
{"level":"info","message":{"event":"migrating","name":"20250225190255-create-event.cjs"},"timestamp":"2025-03-14T07:33:52.966Z"}
{"level":"info","message":"Base de données \"rekoevents\" existe déjà.","timestamp":"2025-03-14T07:34:16.459Z"}
{"level":"info","message":"Connexion à la base de données établie avec succès.","timestamp":"2025-03-14T07:34:16.741Z"}
{"level":"error","message":"Erreur lors de l'exécution des migrations : require is not defined","stack":"ReferenceError: require is not defined\n    at resolve (file:///D:/Projet%20Reko/Back_office_evenement_reko/server/src/server.js:105:29)\n    at D:\\Projet Reko\\Back_office_evenement_reko\\server\\node_modules\\umzug\\lib\\umzug.js:357:24\n    at Array.map (<anonymous>)\n    at Umzug.migrations (D:\\Projet Reko\\Back_office_evenement_reko\\server\\node_modules\\umzug\\lib\\umzug.js:352:26)\n    at async Promise.all (index 0)\n    at async Umzug._pending (D:\\Projet Reko\\Back_office_evenement_reko\\server\\node_modules\\umzug\\lib\\umzug.js:118:45)\n    at async eligibleMigrations (D:\\Projet Reko\\Back_office_evenement_reko\\server\\node_modules\\umzug\\lib\\umzug.js:152:32)\n    at async D:\\Projet Reko\\Back_office_evenement_reko\\server\\node_modules\\umzug\\lib\\umzug.js:160:33\n    at async Umzug.runCommand (D:\\Projet Reko\\Back_office_evenement_reko\\server\\node_modules\\umzug\\lib\\umzug.js:126:20)\n    at async runMigrations (file:///D:/Projet%20Reko/Back_office_evenement_reko/server/src/server.js:124:5)","timestamp":"2025-03-14T07:34:16.786Z"}
{"level":"info","message":"Base de données \"rekoevents\" existe déjà.","timestamp":"2025-03-14T07:34:28.197Z"}
{"level":"info","message":"Connexion à la base de données établie avec succès.","timestamp":"2025-03-14T07:34:28.394Z"}
{"level":"error","message":"Erreur lors de l'exécution des migrations : require is not defined","stack":"ReferenceError: require is not defined\n    at resolve (file:///D:/Projet%20Reko/Back_office_evenement_reko/server/src/server.js:105:29)\n    at D:\\Projet Reko\\Back_office_evenement_reko\\server\\node_modules\\umzug\\lib\\umzug.js:357:24\n    at Array.map (<anonymous>)\n    at Umzug.migrations (D:\\Projet Reko\\Back_office_evenement_reko\\server\\node_modules\\umzug\\lib\\umzug.js:352:26)\n    at async Promise.all (index 0)\n    at async Umzug._pending (D:\\Projet Reko\\Back_office_evenement_reko\\server\\node_modules\\umzug\\lib\\umzug.js:118:45)\n    at async eligibleMigrations (D:\\Projet Reko\\Back_office_evenement_reko\\server\\node_modules\\umzug\\lib\\umzug.js:152:32)\n    at async D:\\Projet Reko\\Back_office_evenement_reko\\server\\node_modules\\umzug\\lib\\umzug.js:160:33\n    at async Umzug.runCommand (D:\\Projet Reko\\Back_office_evenement_reko\\server\\node_modules\\umzug\\lib\\umzug.js:126:20)\n    at async runMigrations (file:///D:/Projet%20Reko/Back_office_evenement_reko/server/src/server.js:124:5)","timestamp":"2025-03-14T07:34:28.414Z"}
{"level":"info","message":"Base de données \"rekoevents\" existe déjà.","timestamp":"2025-03-14T08:34:31.349Z"}
{"level":"info","message":"Connexion à la base de données établie avec succès.","timestamp":"2025-03-14T08:34:31.855Z"}
{"level":"info","message":{"event":"migrating","name":"20250225190255-create-event.cjs"},"timestamp":"2025-03-14T08:34:32.007Z"}
{"level":"info","message":{"durationSeconds":0.1,"event":"migrated","name":"20250225190255-create-event.cjs"},"timestamp":"2025-03-14T08:34:32.107Z"}
{"level":"info","message":"Base de données \"rekoevents\" existe déjà.","timestamp":"2025-03-14T08:35:35.654Z"}
{"level":"info","message":"Connexion à la base de données établie avec succès.","timestamp":"2025-03-14T08:35:35.894Z"}
{"level":"info","message":{"event":"migrating","name":"20250225190331-create-ticket-category.cjs"},"timestamp":"2025-03-14T08:35:35.977Z"}
{"level":"info","message":{"durationSeconds":0.032,"event":"migrated","name":"20250225190331-create-ticket-category.cjs"},"timestamp":"2025-03-14T08:35:36.007Z"}
{"level":"info","message":"Base de données \"rekoevents\" existe déjà.","timestamp":"2025-03-14T08:36:48.529Z"}
{"level":"info","message":"Connexion à la base de données établie avec succès.","timestamp":"2025-03-14T08:36:48.755Z"}
{"level":"info","message":{"event":"migrating","name":"20250225190410-create-ticket.cjs"},"timestamp":"2025-03-14T08:36:48.811Z"}
{"level":"info","message":"Base de données \"rekoevents\" existe déjà.","timestamp":"2025-03-14T08:36:57.497Z"}
{"level":"info","message":"Connexion à la base de données établie avec succès.","timestamp":"2025-03-14T08:36:57.709Z"}
{"level":"info","message":{"event":"migrating","name":"20250225190410-create-ticket.cjs"},"timestamp":"2025-03-14T08:36:57.772Z"}
{"cause":{"name":"SequelizeDatabaseError","original":{"code":"42P07","file":"index.c","length":101,"line":"900","name":"error","routine":"index_create","severity":"ERROR","sql":"CREATE INDEX \"tickets_ticket_code\" ON \"Tickets\" (\"ticket_code\")"},"parameters":{},"parent":{"code":"42P07","file":"index.c","length":101,"line":"900","name":"error","routine":"index_create","severity":"ERROR","sql":"CREATE INDEX \"tickets_ticket_code\" ON \"Tickets\" (\"ticket_code\")"},"sql":"CREATE INDEX \"tickets_ticket_code\" ON \"Tickets\" (\"ticket_code\")"},"jse_cause":{"name":"SequelizeDatabaseError","original":{"code":"42P07","file":"index.c","length":101,"line":"900","name":"error","routine":"index_create","severity":"ERROR","sql":"CREATE INDEX \"tickets_ticket_code\" ON \"Tickets\" (\"ticket_code\")"},"parameters":{},"parent":{"code":"42P07","file":"index.c","length":101,"line":"900","name":"error","routine":"index_create","severity":"ERROR","sql":"CREATE INDEX \"tickets_ticket_code\" ON \"Tickets\" (\"ticket_code\")"},"sql":"CREATE INDEX \"tickets_ticket_code\" ON \"Tickets\" (\"ticket_code\")"},"level":"error","message":"Erreur lors de l'exécution des migrations : Migration 20250225190410-create-ticket.cjs (up) failed: Original error: relation \"tickets_ticket_code\" already exists","migration":{"context":{},"direction":"up","name":"20250225190410-create-ticket.cjs","path":"D:\\Projet Reko\\Back_office_evenement_reko\\server\\migrations\\20250225190410-create-ticket.cjs"},"name":"MigrationError","stack":"MigrationError: Migration 20250225190410-create-ticket.cjs (up) failed: Original error: relation \"tickets_ticket_code\" already exists\n    at D:\\Projet Reko\\Back_office_evenement_reko\\server\\node_modules\\umzug\\lib\\umzug.js:170:27\n    at process.processTicksAndRejections (node:internal/process/task_queues:105:5)\n    at async Umzug.runCommand (D:\\Projet Reko\\Back_office_evenement_reko\\server\\node_modules\\umzug\\lib\\umzug.js:126:20)\n    at async runMigrations (file:///D:/Projet%20Reko/Back_office_evenement_reko/server/src/server.js:127:5)\n    at async file:///D:/Projet%20Reko/Back_office_evenement_reko/server/src/server.js:141:5","timestamp":"2025-03-14T08:36:57.834Z"}
{"level":"info","message":"Base de données \"rekoevents\" existe déjà.","timestamp":"2025-03-14T08:37:13.843Z"}
{"level":"info","message":"Connexion à la base de données établie avec succès.","timestamp":"2025-03-14T08:37:14.038Z"}
{"level":"info","message":{"event":"migrating","name":"20250225190410-create-ticket.cjs"},"timestamp":"2025-03-14T08:37:14.110Z"}
{"cause":{"name":"SequelizeDatabaseError","original":{"code":"42P07","file":"index.c","length":101,"line":"900","name":"error","routine":"index_create","severity":"ERROR","sql":"CREATE INDEX \"tickets_ticket_code\" ON \"Tickets\" (\"ticket_code\")"},"parameters":{},"parent":{"code":"42P07","file":"index.c","length":101,"line":"900","name":"error","routine":"index_create","severity":"ERROR","sql":"CREATE INDEX \"tickets_ticket_code\" ON \"Tickets\" (\"ticket_code\")"},"sql":"CREATE INDEX \"tickets_ticket_code\" ON \"Tickets\" (\"ticket_code\")"},"jse_cause":{"name":"SequelizeDatabaseError","original":{"code":"42P07","file":"index.c","length":101,"line":"900","name":"error","routine":"index_create","severity":"ERROR","sql":"CREATE INDEX \"tickets_ticket_code\" ON \"Tickets\" (\"ticket_code\")"},"parameters":{},"parent":{"code":"42P07","file":"index.c","length":101,"line":"900","name":"error","routine":"index_create","severity":"ERROR","sql":"CREATE INDEX \"tickets_ticket_code\" ON \"Tickets\" (\"ticket_code\")"},"sql":"CREATE INDEX \"tickets_ticket_code\" ON \"Tickets\" (\"ticket_code\")"},"level":"error","message":"Erreur lors de l'exécution des migrations : Migration 20250225190410-create-ticket.cjs (up) failed: Original error: relation \"tickets_ticket_code\" already exists","migration":{"context":{},"direction":"up","name":"20250225190410-create-ticket.cjs","path":"D:\\Projet Reko\\Back_office_evenement_reko\\server\\migrations\\20250225190410-create-ticket.cjs"},"name":"MigrationError","stack":"MigrationError: Migration 20250225190410-create-ticket.cjs (up) failed: Original error: relation \"tickets_ticket_code\" already exists\n    at D:\\Projet Reko\\Back_office_evenement_reko\\server\\node_modules\\umzug\\lib\\umzug.js:170:27\n    at process.processTicksAndRejections (node:internal/process/task_queues:105:5)\n    at async Umzug.runCommand (D:\\Projet Reko\\Back_office_evenement_reko\\server\\node_modules\\umzug\\lib\\umzug.js:126:20)\n    at async runMigrations (file:///D:/Projet%20Reko/Back_office_evenement_reko/server/src/server.js:127:5)\n    at async file:///D:/Projet%20Reko/Back_office_evenement_reko/server/src/server.js:141:5","timestamp":"2025-03-14T08:37:14.135Z"}
{"level":"info","message":"Base de données \"rekoevents\" existe déjà.","timestamp":"2025-03-14T08:39:02.537Z"}
{"level":"info","message":"Connexion à la base de données établie avec succès.","timestamp":"2025-03-14T08:39:02.839Z"}
{"level":"info","message":{"event":"migrating","name":"20250225190410-create-ticket.cjs"},"timestamp":"2025-03-14T08:39:02.890Z"}
{"level":"info","message":{"durationSeconds":0.029,"event":"migrated","name":"20250225190410-create-ticket.cjs"},"timestamp":"2025-03-14T08:39:02.919Z"}
{"level":"info","message":{"event":"migrating","name":"20250227064235-create-images.cjs"},"timestamp":"2025-03-14T08:39:02.920Z"}
{"cause":{"name":"SequelizeDatabaseError","original":{"code":"42P07","file":"index.c","length":97,"line":"900","name":"error","routine":"index_create","severity":"ERROR","sql":"CREATE INDEX \"images_event_id\" ON \"Images\" (\"event_id\")"},"parameters":{},"parent":{"code":"42P07","file":"index.c","length":97,"line":"900","name":"error","routine":"index_create","severity":"ERROR","sql":"CREATE INDEX \"images_event_id\" ON \"Images\" (\"event_id\")"},"sql":"CREATE INDEX \"images_event_id\" ON \"Images\" (\"event_id\")"},"jse_cause":{"name":"SequelizeDatabaseError","original":{"code":"42P07","file":"index.c","length":97,"line":"900","name":"error","routine":"index_create","severity":"ERROR","sql":"CREATE INDEX \"images_event_id\" ON \"Images\" (\"event_id\")"},"parameters":{},"parent":{"code":"42P07","file":"index.c","length":97,"line":"900","name":"error","routine":"index_create","severity":"ERROR","sql":"CREATE INDEX \"images_event_id\" ON \"Images\" (\"event_id\")"},"sql":"CREATE INDEX \"images_event_id\" ON \"Images\" (\"event_id\")"},"level":"error","message":"Erreur lors de l'exécution des migrations : Migration 20250227064235-create-images.cjs (up) failed: Original error: relation \"images_event_id\" already exists","migration":{"context":{},"direction":"up","name":"20250227064235-create-images.cjs","path":"D:\\Projet Reko\\Back_office_evenement_reko\\server\\migrations\\20250227064235-create-images.cjs"},"name":"MigrationError","stack":"MigrationError: Migration 20250227064235-create-images.cjs (up) failed: Original error: relation \"images_event_id\" already exists\n    at D:\\Projet Reko\\Back_office_evenement_reko\\server\\node_modules\\umzug\\lib\\umzug.js:170:27\n    at process.processTicksAndRejections (node:internal/process/task_queues:105:5)\n    at async Umzug.runCommand (D:\\Projet Reko\\Back_office_evenement_reko\\server\\node_modules\\umzug\\lib\\umzug.js:126:20)\n    at async runMigrations (file:///D:/Projet%20Reko/Back_office_evenement_reko/server/src/server.js:127:5)\n    at async file:///D:/Projet%20Reko/Back_office_evenement_reko/server/src/server.js:141:5","timestamp":"2025-03-14T08:39:02.933Z"}
{"level":"info","message":"Base de données \"rekoevents\" existe déjà.","timestamp":"2025-03-14T08:40:16.217Z"}
{"level":"info","message":"Connexion à la base de données établie avec succès.","timestamp":"2025-03-14T08:40:16.420Z"}
{"level":"info","message":{"event":"migrating","name":"20250227064235-create-images.cjs"},"timestamp":"2025-03-14T08:40:16.496Z"}
{"level":"info","message":{"durationSeconds":0.032,"event":"migrated","name":"20250227064235-create-images.cjs"},"timestamp":"2025-03-14T08:40:16.527Z"}
{"level":"info","message":"Toutes les migrations ont été exécutées avec succès.","timestamp":"2025-03-14T08:40:16.529Z"}
{"level":"info","message":"Server running on port 3001","timestamp":"2025-03-14T08:40:16.539Z"}
{"level":"info","message":"http://localhost:3001","timestamp":"2025-03-14T08:40:16.540Z"}
{"level":"info","message":"Base de données \"rekoevents\" existe déjà.","timestamp":"2025-03-14T08:40:55.044Z"}
{"level":"info","message":"Connexion à la base de données établie avec succès.","timestamp":"2025-03-14T08:40:55.240Z"}
{"level":"info","message":"Toutes les migrations ont été exécutées avec succès.","timestamp":"2025-03-14T08:40:55.298Z"}
{"level":"info","message":"Server running on port 3001","timestamp":"2025-03-14T08:40:55.308Z"}
{"level":"info","message":"http://localhost:3001","timestamp":"2025-03-14T08:40:55.310Z"}
