{"level":"info","message":"Base de données \"rekoevents\" existe déjà.","timestamp":"2025-03-17T12:59:31.770Z"}
{"level":"info","message":"Connexion à la base de données établie avec succès.","timestamp":"2025-03-17T12:59:32.058Z"}
{"level":"info","message":"Toutes les migrations ont été exécutées avec succès.","timestamp":"2025-03-17T12:59:32.155Z"}
{"level":"info","message":"Server running on port 3001","timestamp":"2025-03-17T12:59:32.174Z"}
{"level":"info","message":"http://localhost:3001","timestamp":"2025-03-17T12:59:32.176Z"}
{"level":"info","message":"Base de données \"rekoevents\" existe déjà.","timestamp":"2025-03-17T13:42:37.068Z"}
{"level":"info","message":"Connexion à la base de données établie avec succès.","timestamp":"2025-03-17T13:42:37.417Z"}
{"level":"info","message":"Toutes les migrations ont été exécutées avec succès.","timestamp":"2025-03-17T13:42:37.513Z"}
{"level":"info","message":"Server running on port 3001","timestamp":"2025-03-17T13:42:37.531Z"}
{"level":"info","message":"http://localhost:3001","timestamp":"2025-03-17T13:42:37.534Z"}
{"level":"info","message":"Base de données \"rekoevents\" existe déjà.","timestamp":"2025-03-17T13:50:26.652Z"}
{"level":"info","message":"Connexion à la base de données établie avec succès.","timestamp":"2025-03-17T13:50:27.121Z"}
{"level":"info","message":"Toutes les migrations ont été exécutées avec succès.","timestamp":"2025-03-17T13:50:27.223Z"}
{"level":"info","message":"Server running on port 3001","timestamp":"2025-03-17T13:50:27.243Z"}
{"level":"info","message":"http://localhost:3001","timestamp":"2025-03-17T13:50:27.246Z"}
{"level":"info","message":"Base de données \"rekoevents\" existe déjà.","timestamp":"2025-03-17T13:54:44.240Z"}
{"level":"info","message":"Connexion à la base de données établie avec succès.","timestamp":"2025-03-17T13:54:44.585Z"}
{"level":"info","message":"Toutes les migrations ont été exécutées avec succès.","timestamp":"2025-03-17T13:54:44.653Z"}
{"level":"info","message":"Server running on port 3001","timestamp":"2025-03-17T13:54:44.665Z"}
{"level":"info","message":"http://localhost:3001","timestamp":"2025-03-17T13:54:44.667Z"}
{"level":"info","message":"Base de données \"rekoevents\" existe déjà.","timestamp":"2025-03-17T13:55:56.964Z"}
{"level":"info","message":"Connexion à la base de données établie avec succès.","timestamp":"2025-03-17T13:55:57.288Z"}
{"level":"info","message":"Toutes les migrations ont été exécutées avec succès.","timestamp":"2025-03-17T13:55:57.356Z"}
{"level":"info","message":"Server running on port 3001","timestamp":"2025-03-17T13:55:57.368Z"}
{"level":"info","message":"http://localhost:3001","timestamp":"2025-03-17T13:55:57.371Z"}
{"level":"info","message":"Base de données \"rekoevents\" existe déjà.","timestamp":"2025-03-17T13:57:07.727Z"}
{"level":"info","message":"Connexion à la base de données établie avec succès.","timestamp":"2025-03-17T13:57:08.104Z"}
{"level":"info","message":"Toutes les migrations ont été exécutées avec succès.","timestamp":"2025-03-17T13:57:08.193Z"}
{"level":"info","message":"Server running on port 3001","timestamp":"2025-03-17T13:57:08.209Z"}
{"level":"info","message":"http://localhost:3001","timestamp":"2025-03-17T13:57:08.211Z"}
{"level":"info","message":"Base de données \"rekoevents\" existe déjà.","timestamp":"2025-03-17T13:58:47.855Z"}
{"level":"info","message":"Connexion à la base de données établie avec succès.","timestamp":"2025-03-17T13:58:48.229Z"}
{"level":"info","message":"Toutes les migrations ont été exécutées avec succès.","timestamp":"2025-03-17T13:58:48.334Z"}
{"level":"info","message":"Server running on port 3001","timestamp":"2025-03-17T13:58:48.354Z"}
{"level":"info","message":"http://localhost:3001","timestamp":"2025-03-17T13:58:48.357Z"}
{"level":"info","message":"Base de données \"rekoevents\" existe déjà.","timestamp":"2025-03-17T13:59:49.240Z"}
{"level":"info","message":"Connexion à la base de données établie avec succès.","timestamp":"2025-03-17T13:59:49.620Z"}
{"level":"info","message":"Toutes les migrations ont été exécutées avec succès.","timestamp":"2025-03-17T13:59:49.696Z"}
{"level":"info","message":"Server running on port 3001","timestamp":"2025-03-17T13:59:49.708Z"}
{"level":"info","message":"http://localhost:3001","timestamp":"2025-03-17T13:59:49.711Z"}
{"level":"info","message":"Base de données \"rekoevents\" existe déjà.","timestamp":"2025-03-17T14:04:52.687Z"}
{"level":"info","message":"Connexion à la base de données établie avec succès.","timestamp":"2025-03-17T14:04:53.068Z"}
{"level":"info","message":"Toutes les migrations ont été exécutées avec succès.","timestamp":"2025-03-17T14:04:53.148Z"}
{"level":"info","message":"Server running on port 3001","timestamp":"2025-03-17T14:04:53.163Z"}
{"level":"info","message":"http://localhost:3001","timestamp":"2025-03-17T14:04:53.166Z"}
{"level":"info","message":"Base de données \"rekoevents\" existe déjà.","timestamp":"2025-03-17T14:05:52.094Z"}
{"level":"info","message":"Connexion à la base de données établie avec succès.","timestamp":"2025-03-17T14:05:52.616Z"}
{"level":"info","message":"Toutes les migrations ont été exécutées avec succès.","timestamp":"2025-03-17T14:05:52.723Z"}
{"level":"info","message":"Server running on port 3001","timestamp":"2025-03-17T14:05:52.742Z"}
{"level":"info","message":"http://localhost:3001","timestamp":"2025-03-17T14:05:52.745Z"}
{"level":"info","message":"Base de données \"rekoevents\" existe déjà.","timestamp":"2025-03-17T14:06:51.223Z"}
{"level":"info","message":"Connexion à la base de données établie avec succès.","timestamp":"2025-03-17T14:06:51.635Z"}
{"level":"info","message":"Toutes les migrations ont été exécutées avec succès.","timestamp":"2025-03-17T14:06:51.726Z"}
{"level":"info","message":"Server running on port 3001","timestamp":"2025-03-17T14:06:51.746Z"}
{"level":"info","message":"http://localhost:3001","timestamp":"2025-03-17T14:06:51.752Z"}
{"level":"info","message":"Base de données \"rekoevents\" existe déjà.","timestamp":"2025-03-17T14:08:44.905Z"}
{"level":"info","message":"Connexion à la base de données établie avec succès.","timestamp":"2025-03-17T14:08:45.331Z"}
{"level":"info","message":"Toutes les migrations ont été exécutées avec succès.","timestamp":"2025-03-17T14:08:45.437Z"}
{"level":"info","message":"Server running on port 3001","timestamp":"2025-03-17T14:08:45.458Z"}
{"level":"info","message":"http://localhost:3001","timestamp":"2025-03-17T14:08:45.464Z"}
{"level":"info","message":"Base de données \"rekoevents\" existe déjà.","timestamp":"2025-03-17T14:10:01.540Z"}
{"level":"info","message":"Connexion à la base de données établie avec succès.","timestamp":"2025-03-17T14:10:01.826Z"}
{"level":"info","message":"Toutes les migrations ont été exécutées avec succès.","timestamp":"2025-03-17T14:10:01.903Z"}
{"level":"info","message":"Server running on port 3001","timestamp":"2025-03-17T14:10:01.915Z"}
{"level":"info","message":"http://localhost:3001","timestamp":"2025-03-17T14:10:01.917Z"}
{"level":"info","message":"Base de données \"rekoevents\" existe déjà.","timestamp":"2025-03-17T14:12:58.345Z"}
{"level":"info","message":"Connexion à la base de données établie avec succès.","timestamp":"2025-03-17T14:12:58.665Z"}
{"level":"info","message":"Toutes les migrations ont été exécutées avec succès.","timestamp":"2025-03-17T14:12:58.761Z"}
{"level":"info","message":"Server running on port 3001","timestamp":"2025-03-17T14:12:58.780Z"}
{"level":"info","message":"http://localhost:3001","timestamp":"2025-03-17T14:12:58.782Z"}
{"level":"info","message":"Base de données \"rekoevents\" existe déjà.","timestamp":"2025-03-17T14:14:24.525Z"}
{"level":"info","message":"Connexion à la base de données établie avec succès.","timestamp":"2025-03-17T14:14:24.897Z"}
{"level":"info","message":"Toutes les migrations ont été exécutées avec succès.","timestamp":"2025-03-17T14:14:25.005Z"}
{"level":"info","message":"Server running on port 3001","timestamp":"2025-03-17T14:14:25.021Z"}
{"level":"info","message":"http://localhost:3001","timestamp":"2025-03-17T14:14:25.024Z"}
