{"level":"info","message":"Base de données \"rekoevents\" vérifiée/créée.","timestamp":"2025-03-07T08:21:37.691Z"}
{"level":"info","message":"Connexion à la base de données établie avec succès.","timestamp":"2025-03-07T08:21:37.752Z"}
{"level":"info","message":"Toutes les migrations ont été exécutées avec succès.","timestamp":"2025-03-07T08:21:37.877Z"}
{"level":"info","message":"Server running on port 3000","timestamp":"2025-03-07T08:21:37.888Z"}
{"level":"info","message":"http://localhost:3000","timestamp":"2025-03-07T08:21:37.890Z"}
{"level":"info","message":"Base de données \"rekoevents\" vérifiée/créée.","timestamp":"2025-03-07T08:29:33.484Z"}
{"level":"info","message":"Connexion à la base de données établie avec succès.","timestamp":"2025-03-07T08:29:33.525Z"}
{"level":"info","message":"Toutes les migrations ont été exécutées avec succès.","timestamp":"2025-03-07T08:29:33.570Z"}
{"level":"info","message":"Server running on port 3000","timestamp":"2025-03-07T08:29:33.577Z"}
{"level":"info","message":"http://localhost:3000","timestamp":"2025-03-07T08:29:33.579Z"}
{"level":"info","message":"Base de données \"rekoevents\" vérifiée/créée.","timestamp":"2025-03-07T08:37:11.096Z"}
{"level":"info","message":"Connexion à la base de données établie avec succès.","timestamp":"2025-03-07T08:37:11.136Z"}
{"level":"info","message":"Toutes les migrations ont été exécutées avec succès.","timestamp":"2025-03-07T08:37:11.182Z"}
{"level":"info","message":"Server running on port 3000","timestamp":"2025-03-07T08:37:11.189Z"}
{"level":"info","message":"http://localhost:3000","timestamp":"2025-03-07T08:37:11.191Z"}
{"level":"info","message":"Base de données \"rekoevents\" vérifiée/créée.","timestamp":"2025-03-07T08:40:24.765Z"}
{"level":"info","message":"Connexion à la base de données établie avec succès.","timestamp":"2025-03-07T08:40:24.803Z"}
{"level":"info","message":"Toutes les migrations ont été exécutées avec succès.","timestamp":"2025-03-07T08:40:24.873Z"}
{"level":"info","message":"Server running on port 3000","timestamp":"2025-03-07T08:40:24.883Z"}
{"level":"info","message":"http://localhost:3000","timestamp":"2025-03-07T08:40:24.885Z"}
{"level":"info","message":"Base de données \"rekoevents\" vérifiée/créée.","timestamp":"2025-03-07T08:50:54.326Z"}
{"level":"info","message":"Connexion à la base de données établie avec succès.","timestamp":"2025-03-07T08:50:54.367Z"}
{"level":"info","message":"Toutes les migrations ont été exécutées avec succès.","timestamp":"2025-03-07T08:50:54.413Z"}
{"level":"info","message":"Server running on port 3000","timestamp":"2025-03-07T08:50:54.420Z"}
{"level":"info","message":"http://localhost:3000","timestamp":"2025-03-07T08:50:54.422Z"}
{"level":"info","message":"Base de données \"rekoevents\" vérifiée/créée.","timestamp":"2025-03-07T08:52:10.379Z"}
{"level":"info","message":"Connexion à la base de données établie avec succès.","timestamp":"2025-03-07T08:52:10.509Z"}
{"level":"info","message":"Toutes les migrations ont été exécutées avec succès.","timestamp":"2025-03-07T08:52:10.604Z"}
{"level":"info","message":"Server running on port 3000","timestamp":"2025-03-07T08:52:10.616Z"}
{"level":"info","message":"http://localhost:3000","timestamp":"2025-03-07T08:52:10.619Z"}
{"level":"info","message":"Base de données \"rekoevents\" vérifiée/créée.","timestamp":"2025-03-07T08:52:27.608Z"}
{"level":"info","message":"Connexion à la base de données établie avec succès.","timestamp":"2025-03-07T08:52:27.648Z"}
{"level":"info","message":"Toutes les migrations ont été exécutées avec succès.","timestamp":"2025-03-07T08:52:27.701Z"}
{"level":"info","message":"Server running on port 3000","timestamp":"2025-03-07T08:52:27.710Z"}
{"level":"info","message":"http://localhost:3000","timestamp":"2025-03-07T08:52:27.712Z"}
{"level":"info","message":"Base de données \"rekoevents\" vérifiée/créée.","timestamp":"2025-03-07T08:52:58.385Z"}
{"level":"info","message":"Connexion à la base de données établie avec succès.","timestamp":"2025-03-07T08:52:58.425Z"}
{"level":"info","message":"Toutes les migrations ont été exécutées avec succès.","timestamp":"2025-03-07T08:52:58.496Z"}
{"level":"info","message":"Server running on port 3000","timestamp":"2025-03-07T08:52:58.507Z"}
{"level":"info","message":"http://localhost:3000","timestamp":"2025-03-07T08:52:58.509Z"}
{"level":"info","message":"Base de données \"rekoevents\" vérifiée/créée.","timestamp":"2025-03-07T08:53:19.294Z"}
{"level":"info","message":"Connexion à la base de données établie avec succès.","timestamp":"2025-03-07T08:53:19.326Z"}
{"level":"info","message":"Toutes les migrations ont été exécutées avec succès.","timestamp":"2025-03-07T08:53:19.381Z"}
{"level":"info","message":"Server running on port 3000","timestamp":"2025-03-07T08:53:19.390Z"}
{"level":"info","message":"http://localhost:3000","timestamp":"2025-03-07T08:53:19.392Z"}
{"level":"info","message":"Base de données \"rekoevents\" vérifiée/créée.","timestamp":"2025-03-07T08:53:42.362Z"}
{"level":"info","message":"Connexion à la base de données établie avec succès.","timestamp":"2025-03-07T08:53:42.399Z"}
{"level":"info","message":"Toutes les migrations ont été exécutées avec succès.","timestamp":"2025-03-07T08:53:42.449Z"}
{"level":"info","message":"Server running on port 3000","timestamp":"2025-03-07T08:53:42.460Z"}
{"level":"info","message":"http://localhost:3000","timestamp":"2025-03-07T08:53:42.463Z"}
{"level":"info","message":"Base de données \"rekoevents\" vérifiée/créée.","timestamp":"2025-03-07T08:54:01.795Z"}
{"level":"info","message":"Connexion à la base de données établie avec succès.","timestamp":"2025-03-07T08:54:01.845Z"}
{"level":"info","message":"Toutes les migrations ont été exécutées avec succès.","timestamp":"2025-03-07T08:54:01.930Z"}
{"level":"info","message":"Server running on port 3000","timestamp":"2025-03-07T08:54:01.948Z"}
{"level":"info","message":"http://localhost:3000","timestamp":"2025-03-07T08:54:01.951Z"}
{"level":"info","message":"Base de données \"rekoevents\" vérifiée/créée.","timestamp":"2025-03-07T08:54:09.211Z"}
{"level":"info","message":"Connexion à la base de données établie avec succès.","timestamp":"2025-03-07T08:54:09.244Z"}
{"level":"info","message":"Toutes les migrations ont été exécutées avec succès.","timestamp":"2025-03-07T08:54:09.288Z"}
{"level":"info","message":"Server running on port 3000","timestamp":"2025-03-07T08:54:09.295Z"}
{"level":"info","message":"http://localhost:3000","timestamp":"2025-03-07T08:54:09.297Z"}
{"level":"info","message":"Base de données \"rekoevents\" vérifiée/créée.","timestamp":"2025-03-07T09:04:55.356Z"}
{"level":"info","message":"Connexion à la base de données établie avec succès.","timestamp":"2025-03-07T09:04:55.393Z"}
{"level":"info","message":"Toutes les migrations ont été exécutées avec succès.","timestamp":"2025-03-07T09:04:55.450Z"}
{"level":"info","message":"Server running on port 3000","timestamp":"2025-03-07T09:04:55.457Z"}
{"level":"info","message":"http://localhost:3000","timestamp":"2025-03-07T09:04:55.459Z"}
{"level":"info","message":"Base de données \"rekoevents\" vérifiée/créée.","timestamp":"2025-03-07T09:05:23.017Z"}
{"level":"info","message":"Connexion à la base de données établie avec succès.","timestamp":"2025-03-07T09:05:23.062Z"}
{"level":"info","message":"Toutes les migrations ont été exécutées avec succès.","timestamp":"2025-03-07T09:05:23.128Z"}
{"level":"info","message":"Server running on port 3000","timestamp":"2025-03-07T09:05:23.139Z"}
{"level":"info","message":"http://localhost:3000","timestamp":"2025-03-07T09:05:23.142Z"}
{"level":"info","message":"Base de données \"rekoevents\" vérifiée/créée.","timestamp":"2025-03-07T09:12:02.323Z"}
{"level":"info","message":"Connexion à la base de données établie avec succès.","timestamp":"2025-03-07T09:12:02.362Z"}
{"level":"info","message":"Toutes les migrations ont été exécutées avec succès.","timestamp":"2025-03-07T09:12:02.446Z"}
{"level":"info","message":"Server running on port 3000","timestamp":"2025-03-07T09:12:02.455Z"}
{"level":"info","message":"http://localhost:3000","timestamp":"2025-03-07T09:12:02.457Z"}
{"level":"info","message":"Base de données \"rekoevents\" vérifiée/créée.","timestamp":"2025-03-07T09:14:51.408Z"}
{"level":"info","message":"Connexion à la base de données établie avec succès.","timestamp":"2025-03-07T09:14:51.483Z"}
{"level":"info","message":"Toutes les migrations ont été exécutées avec succès.","timestamp":"2025-03-07T09:14:51.685Z"}
{"level":"info","message":"Server running on port 3000","timestamp":"2025-03-07T09:14:51.725Z"}
{"level":"info","message":"http://localhost:3000","timestamp":"2025-03-07T09:14:51.728Z"}
{"level":"info","message":"Base de données \"rekoevents\" vérifiée/créée.","timestamp":"2025-03-07T09:16:53.066Z"}
{"level":"info","message":"Connexion à la base de données établie avec succès.","timestamp":"2025-03-07T09:16:53.106Z"}
{"level":"info","message":"Toutes les migrations ont été exécutées avec succès.","timestamp":"2025-03-07T09:16:53.167Z"}
{"level":"info","message":"Server running on port 3000","timestamp":"2025-03-07T09:16:53.178Z"}
{"level":"info","message":"http://localhost:3000","timestamp":"2025-03-07T09:16:53.181Z"}
{"level":"info","message":"Base de données \"rekoevents\" vérifiée/créée.","timestamp":"2025-03-07T09:18:42.832Z"}
{"level":"info","message":"Connexion à la base de données établie avec succès.","timestamp":"2025-03-07T09:18:42.873Z"}
{"level":"info","message":"Toutes les migrations ont été exécutées avec succès.","timestamp":"2025-03-07T09:18:42.962Z"}
{"level":"info","message":"Server running on port 3000","timestamp":"2025-03-07T09:18:42.970Z"}
{"level":"info","message":"http://localhost:3000","timestamp":"2025-03-07T09:18:42.972Z"}
{"level":"info","message":"Base de données \"rekoevents\" vérifiée/créée.","timestamp":"2025-03-07T09:21:33.920Z"}
{"level":"info","message":"Connexion à la base de données établie avec succès.","timestamp":"2025-03-07T09:21:33.977Z"}
{"level":"info","message":"Toutes les migrations ont été exécutées avec succès.","timestamp":"2025-03-07T09:21:34.059Z"}
{"level":"info","message":"Server running on port 3000","timestamp":"2025-03-07T09:21:34.067Z"}
{"level":"info","message":"http://localhost:3000","timestamp":"2025-03-07T09:21:34.070Z"}
{"level":"info","message":"Base de données \"rekoevents\" vérifiée/créée.","timestamp":"2025-03-07T09:21:43.475Z"}
{"level":"info","message":"Connexion à la base de données établie avec succès.","timestamp":"2025-03-07T09:21:43.517Z"}
{"level":"info","message":"Toutes les migrations ont été exécutées avec succès.","timestamp":"2025-03-07T09:21:43.576Z"}
{"level":"info","message":"Server running on port 3000","timestamp":"2025-03-07T09:21:43.585Z"}
{"level":"info","message":"http://localhost:3000","timestamp":"2025-03-07T09:21:43.587Z"}
{"level":"info","message":"Base de données \"rekoevents\" vérifiée/créée.","timestamp":"2025-03-07T09:22:04.287Z"}
{"level":"info","message":"Connexion à la base de données établie avec succès.","timestamp":"2025-03-07T09:22:04.352Z"}
{"level":"info","message":"Toutes les migrations ont été exécutées avec succès.","timestamp":"2025-03-07T09:22:04.476Z"}
{"level":"info","message":"Server running on port 3000","timestamp":"2025-03-07T09:22:04.490Z"}
{"level":"info","message":"http://localhost:3000","timestamp":"2025-03-07T09:22:04.492Z"}
{"level":"info","message":"Base de données \"rekoevents\" vérifiée/créée.","timestamp":"2025-03-07T09:23:54.992Z"}
{"level":"info","message":"Connexion à la base de données établie avec succès.","timestamp":"2025-03-07T09:23:55.033Z"}
{"level":"info","message":"Toutes les migrations ont été exécutées avec succès.","timestamp":"2025-03-07T09:23:55.097Z"}
{"level":"info","message":"Server running on port 3000","timestamp":"2025-03-07T09:23:55.111Z"}
{"level":"info","message":"http://localhost:3000","timestamp":"2025-03-07T09:23:55.117Z"}
{"level":"info","message":"Base de données \"rekoevents\" vérifiée/créée.","timestamp":"2025-03-07T09:24:18.953Z"}
{"level":"info","message":"Connexion à la base de données établie avec succès.","timestamp":"2025-03-07T09:24:18.999Z"}
{"level":"info","message":"Toutes les migrations ont été exécutées avec succès.","timestamp":"2025-03-07T09:24:19.059Z"}
{"level":"info","message":"Server running on port 3000","timestamp":"2025-03-07T09:24:19.066Z"}
{"level":"info","message":"http://localhost:3000","timestamp":"2025-03-07T09:24:19.069Z"}
{"level":"info","message":"Base de données \"rekoevents\" vérifiée/créée.","timestamp":"2025-03-07T09:24:49.541Z"}
{"level":"info","message":"Connexion à la base de données établie avec succès.","timestamp":"2025-03-07T09:24:49.598Z"}
{"level":"info","message":"Toutes les migrations ont été exécutées avec succès.","timestamp":"2025-03-07T09:24:49.673Z"}
{"level":"info","message":"Server running on port 3000","timestamp":"2025-03-07T09:24:49.682Z"}
{"level":"info","message":"http://localhost:3000","timestamp":"2025-03-07T09:24:49.685Z"}
{"level":"info","message":"Base de données \"rekoevents\" vérifiée/créée.","timestamp":"2025-03-07T09:26:43.155Z"}
{"level":"info","message":"Connexion à la base de données établie avec succès.","timestamp":"2025-03-07T09:26:43.192Z"}
{"level":"info","message":"Toutes les migrations ont été exécutées avec succès.","timestamp":"2025-03-07T09:26:43.259Z"}
{"level":"info","message":"Server running on port 3000","timestamp":"2025-03-07T09:26:43.270Z"}
{"level":"info","message":"http://localhost:3000","timestamp":"2025-03-07T09:26:43.278Z"}
{"level":"info","message":"Base de données \"rekoevents\" vérifiée/créée.","timestamp":"2025-03-07T09:29:04.117Z"}
{"level":"info","message":"Connexion à la base de données établie avec succès.","timestamp":"2025-03-07T09:29:04.171Z"}
{"level":"info","message":"Toutes les migrations ont été exécutées avec succès.","timestamp":"2025-03-07T09:29:04.362Z"}
{"level":"info","message":"Server running on port 3000","timestamp":"2025-03-07T09:29:04.393Z"}
{"level":"info","message":"http://localhost:3000","timestamp":"2025-03-07T09:29:04.407Z"}
{"level":"info","message":"Base de données \"rekoevents\" vérifiée/créée.","timestamp":"2025-03-07T09:29:59.899Z"}
{"level":"info","message":"Connexion à la base de données établie avec succès.","timestamp":"2025-03-07T09:29:59.967Z"}
{"level":"info","message":"Toutes les migrations ont été exécutées avec succès.","timestamp":"2025-03-07T09:30:00.067Z"}
{"level":"info","message":"Server running on port 3000","timestamp":"2025-03-07T09:30:00.084Z"}
{"level":"info","message":"http://localhost:3000","timestamp":"2025-03-07T09:30:00.086Z"}
{"level":"info","message":"Base de données \"rekoevents\" vérifiée/créée.","timestamp":"2025-03-07T09:31:05.713Z"}
{"level":"info","message":"Connexion à la base de données établie avec succès.","timestamp":"2025-03-07T09:31:05.759Z"}
{"level":"info","message":"Toutes les migrations ont été exécutées avec succès.","timestamp":"2025-03-07T09:31:05.812Z"}
{"level":"info","message":"Server running on port 3000","timestamp":"2025-03-07T09:31:05.820Z"}
{"level":"info","message":"http://localhost:3000","timestamp":"2025-03-07T09:31:05.824Z"}
{"level":"info","message":"Base de données \"rekoevents\" vérifiée/créée.","timestamp":"2025-03-07T09:34:41.551Z"}
{"level":"info","message":"Connexion à la base de données établie avec succès.","timestamp":"2025-03-07T09:34:41.599Z"}
{"level":"info","message":"Toutes les migrations ont été exécutées avec succès.","timestamp":"2025-03-07T09:34:41.655Z"}
{"level":"info","message":"Server running on port 3000","timestamp":"2025-03-07T09:34:41.664Z"}
{"level":"info","message":"http://localhost:3000","timestamp":"2025-03-07T09:34:41.666Z"}
{"level":"info","message":"Base de données \"rekoevents\" vérifiée/créée.","timestamp":"2025-03-07T09:35:03.143Z"}
{"level":"info","message":"Connexion à la base de données établie avec succès.","timestamp":"2025-03-07T09:35:03.211Z"}
{"level":"info","message":"Toutes les migrations ont été exécutées avec succès.","timestamp":"2025-03-07T09:35:03.266Z"}
{"level":"info","message":"Server running on port 3000","timestamp":"2025-03-07T09:35:03.272Z"}
{"level":"info","message":"http://localhost:3000","timestamp":"2025-03-07T09:35:03.275Z"}
{"level":"info","message":"Base de données \"rekoevents\" vérifiée/créée.","timestamp":"2025-03-07T09:35:16.724Z"}
{"level":"info","message":"Connexion à la base de données établie avec succès.","timestamp":"2025-03-07T09:35:16.784Z"}
{"level":"info","message":"Toutes les migrations ont été exécutées avec succès.","timestamp":"2025-03-07T09:35:16.850Z"}
{"level":"info","message":"Server running on port 3000","timestamp":"2025-03-07T09:35:16.860Z"}
{"level":"info","message":"http://localhost:3000","timestamp":"2025-03-07T09:35:16.863Z"}
