{"level":"info","message":"Base de données \"rekoevents\" vérifiée/créée.","timestamp":"2025-03-12T08:03:47.734Z"}
{"level":"info","message":"Connexion à la base de données établie avec succès.","timestamp":"2025-03-12T08:03:47.765Z"}
{"level":"info","message":"Toutes les migrations ont été exécutées avec succès.","timestamp":"2025-03-12T08:03:47.825Z"}
{"level":"info","message":"Server running on port 3001","timestamp":"2025-03-12T08:03:47.828Z"}
{"level":"info","message":"http://localhost:3001","timestamp":"2025-03-12T08:03:47.829Z"}
{"level":"info","message":"Base de données \"rekoevents\" vérifiée/créée.","timestamp":"2025-03-12T08:21:53.860Z"}
{"level":"info","message":"Connexion à la base de données établie avec succès.","timestamp":"2025-03-12T08:21:53.879Z"}
{"level":"info","message":"Toutes les migrations ont été exécutées avec succès.","timestamp":"2025-03-12T08:21:53.911Z"}
{"level":"info","message":"Server running on port 3001","timestamp":"2025-03-12T08:21:53.916Z"}
{"level":"info","message":"http://localhost:3001","timestamp":"2025-03-12T08:21:53.917Z"}
{"level":"info","message":"Base de données \"rekoevents\" vérifiée/créée.","timestamp":"2025-03-12T08:25:45.148Z"}
{"level":"info","message":"Connexion à la base de données établie avec succès.","timestamp":"2025-03-12T08:25:45.175Z"}
{"level":"info","message":"Toutes les migrations ont été exécutées avec succès.","timestamp":"2025-03-12T08:25:45.209Z"}
{"level":"info","message":"Server running on port 3001","timestamp":"2025-03-12T08:25:45.215Z"}
{"level":"info","message":"http://localhost:3001","timestamp":"2025-03-12T08:25:45.216Z"}
{"level":"info","message":"Base de données \"rekoevents\" vérifiée/créée.","timestamp":"2025-03-12T08:36:08.220Z"}
{"level":"info","message":"Connexion à la base de données établie avec succès.","timestamp":"2025-03-12T08:36:08.238Z"}
{"level":"info","message":"Toutes les migrations ont été exécutées avec succès.","timestamp":"2025-03-12T08:36:08.262Z"}
{"level":"info","message":"Server running on port 3001","timestamp":"2025-03-12T08:36:08.265Z"}
{"level":"info","message":"http://localhost:3001","timestamp":"2025-03-12T08:36:08.266Z"}
{"level":"info","message":"Base de données \"rekoevents\" vérifiée/créée.","timestamp":"2025-03-12T08:48:08.242Z"}
{"level":"info","message":"Connexion à la base de données établie avec succès.","timestamp":"2025-03-12T08:48:08.280Z"}
{"level":"info","message":"Toutes les migrations ont été exécutées avec succès.","timestamp":"2025-03-12T08:48:08.331Z"}
{"level":"info","message":"Server running on port 3001","timestamp":"2025-03-12T08:48:08.338Z"}
{"level":"info","message":"http://localhost:3001","timestamp":"2025-03-12T08:48:08.340Z"}
{"level":"info","message":"Base de données \"rekoevents\" vérifiée/créée.","timestamp":"2025-03-12T08:49:29.761Z"}
{"level":"info","message":"Connexion à la base de données établie avec succès.","timestamp":"2025-03-12T08:49:29.800Z"}
{"level":"info","message":"Toutes les migrations ont été exécutées avec succès.","timestamp":"2025-03-12T08:49:29.852Z"}
{"level":"info","message":"Server running on port 3001","timestamp":"2025-03-12T08:49:29.859Z"}
{"level":"info","message":"http://localhost:3001","timestamp":"2025-03-12T08:49:29.860Z"}
{"level":"info","message":"Base de données \"rekoevents\" vérifiée/créée.","timestamp":"2025-03-12T08:50:58.112Z"}
{"level":"info","message":"Connexion à la base de données établie avec succès.","timestamp":"2025-03-12T08:50:58.151Z"}
{"level":"info","message":"Toutes les migrations ont été exécutées avec succès.","timestamp":"2025-03-12T08:50:58.202Z"}
{"level":"info","message":"Server running on port 3001","timestamp":"2025-03-12T08:50:58.208Z"}
{"level":"info","message":"http://localhost:3001","timestamp":"2025-03-12T08:50:58.211Z"}
{"level":"info","message":"Base de données \"rekoevents\" vérifiée/créée.","timestamp":"2025-03-12T08:51:09.431Z"}
{"level":"info","message":"Connexion à la base de données établie avec succès.","timestamp":"2025-03-12T08:51:09.476Z"}
{"level":"info","message":"Toutes les migrations ont été exécutées avec succès.","timestamp":"2025-03-12T08:51:09.550Z"}
{"level":"info","message":"Server running on port 3001","timestamp":"2025-03-12T08:51:09.564Z"}
{"level":"info","message":"http://localhost:3001","timestamp":"2025-03-12T08:51:09.566Z"}
{"level":"info","message":"Base de données \"rekoevents\" vérifiée/créée.","timestamp":"2025-03-12T08:53:46.768Z"}
{"level":"info","message":"Connexion à la base de données établie avec succès.","timestamp":"2025-03-12T08:53:46.795Z"}
{"level":"info","message":"Toutes les migrations ont été exécutées avec succès.","timestamp":"2025-03-12T08:53:46.827Z"}
{"level":"info","message":"Server running on port 3001","timestamp":"2025-03-12T08:53:46.832Z"}
{"level":"info","message":"http://localhost:3001","timestamp":"2025-03-12T08:53:46.833Z"}
{"level":"info","message":"Base de données \"rekoevents\" vérifiée/créée.","timestamp":"2025-03-12T08:56:01.946Z"}
{"level":"info","message":"Connexion à la base de données établie avec succès.","timestamp":"2025-03-12T08:56:01.974Z"}
{"level":"info","message":"Toutes les migrations ont été exécutées avec succès.","timestamp":"2025-03-12T08:56:02.008Z"}
{"level":"info","message":"Server running on port 3001","timestamp":"2025-03-12T08:56:02.012Z"}
{"level":"info","message":"http://localhost:3001","timestamp":"2025-03-12T08:56:02.013Z"}
{"level":"info","message":"Base de données \"rekoevents\" vérifiée/créée.","timestamp":"2025-03-12T08:59:11.774Z"}
{"level":"info","message":"Connexion à la base de données établie avec succès.","timestamp":"2025-03-12T08:59:11.857Z"}
{"level":"info","message":"Toutes les migrations ont été exécutées avec succès.","timestamp":"2025-03-12T08:59:11.976Z"}
{"level":"info","message":"Server running on port 3001","timestamp":"2025-03-12T08:59:11.988Z"}
{"level":"info","message":"http://localhost:3001","timestamp":"2025-03-12T08:59:11.989Z"}
{"level":"info","message":"Base de données \"rekoevents\" vérifiée/créée.","timestamp":"2025-03-12T09:03:45.218Z"}
{"level":"info","message":"Connexion à la base de données établie avec succès.","timestamp":"2025-03-12T09:03:45.258Z"}
{"level":"info","message":"Toutes les migrations ont été exécutées avec succès.","timestamp":"2025-03-12T09:03:45.312Z"}
{"level":"info","message":"Server running on port 3001","timestamp":"2025-03-12T09:03:45.319Z"}
{"level":"info","message":"http://localhost:3001","timestamp":"2025-03-12T09:03:45.320Z"}
{"level":"info","message":"Base de données \"rekoevents\" vérifiée/créée.","timestamp":"2025-03-12T09:15:47.128Z"}
{"level":"info","message":"Connexion à la base de données établie avec succès.","timestamp":"2025-03-12T09:15:47.179Z"}
{"level":"info","message":"Toutes les migrations ont été exécutées avec succès.","timestamp":"2025-03-12T09:15:47.283Z"}
{"level":"info","message":"Server running on port 3001","timestamp":"2025-03-12T09:15:47.300Z"}
{"level":"info","message":"http://localhost:3001","timestamp":"2025-03-12T09:15:47.302Z"}
